

> @carti-tracker/web@1.0.0 format:write
> prettier --write "**/*.{ts,tsx}" --cache

[1G[0K.next/types/app/(tracker)/layout.ts[2K[1G.next/types/app/(tracker)/layout.ts 76ms
.next/types/app/(tracker)/page.ts[2K[1G.next/types/app/(tracker)/page.ts 20ms
.next/types/app/api/proxy/route.ts[2K[1G.next/types/app/api/proxy/route.ts 38ms
.next/types/app/layout.ts[2K[1G.next/types/app/layout.ts 18ms
.next/types/app/player/a/[album]/page.ts[2K[1G.next/types/app/player/a/[album]/page.ts 13ms
.next/types/app/player/add-song/page.ts[2K[1G.next/types/app/player/add-song/page.ts 7ms
.next/types/app/player/p/[id]/page.ts[2K[1G.next/types/app/player/p/[id]/page.ts 7ms
.next/types/app/player/page.ts[2K[1G.next/types/app/player/page.ts 8ms
.next/types/cache-life.d.ts[2K[1G.next/types/cache-life.d.ts 5ms
next-env.d.ts[2K[1G[90mnext-env.d.ts[39m 2ms (unchanged)
next.config.ts[2K[1G[90mnext.config.ts[39m 4ms (unchanged)
playwright.config.ts[2K[1G[90mplaywright.config.ts[39m 5ms (unchanged)
src/__tests__/e2e/home.spec.ts[2K[1G[90msrc/__tests__/e2e/home.spec.ts[39m 3ms (unchanged)
src/__tests__/unit/home.spec.tsx[2K[1G[90msrc/__tests__/unit/home.spec.tsx[39m 3ms (unchanged)
src/app/(tracker)/layout.tsx[2K[1G[90msrc/app/(tracker)/layout.tsx[39m 5ms (unchanged)
src/app/(tracker)/page.tsx[2K[1G[90msrc/app/(tracker)/page.tsx[39m 5ms (unchanged)
src/app/api/proxy/route.ts[2K[1G[90msrc/app/api/proxy/route.ts[39m 5ms (unchanged)
src/app/layout.tsx[2K[1G[90msrc/app/layout.tsx[39m 3ms (unchanged)
src/app/player/a/[album]/page.tsx[2K[1G[90msrc/app/player/a/[album]/page.tsx[39m 19ms (unchanged)
src/app/player/add-song/page.tsx[2K[1G[90msrc/app/player/add-song/page.tsx[39m 26ms (unchanged)
src/app/player/layout.tsx[2K[1G[90msrc/app/player/layout.tsx[39m 3ms (unchanged)
src/app/player/manifest.ts[2K[1G[90msrc/app/player/manifest.ts[39m 1ms (unchanged)
src/app/player/p/[id]/page.tsx[2K[1G[90msrc/app/player/p/[id]/page.tsx[39m 6ms (unchanged)
src/app/player/page.tsx[2K[1G[90msrc/app/player/page.tsx[39m 3ms (unchanged)
src/app/sw.ts[2K[1G[90msrc/app/sw.ts[39m 2ms (unchanged)
src/components/app-sidebar.tsx[2K[1G[90msrc/components/app-sidebar.tsx[39m 4ms (unchanged)
src/components/audio-player.tsx[2K[1G[90msrc/components/audio-player.tsx[39m 4ms (unchanged)
src/components/calendars.tsx[2K[1G[90msrc/components/calendars.tsx[39m 4ms (unchanged)
src/components/data-table/columns.tsx[2K[1G[90msrc/components/data-table/columns.tsx[39m 10ms (unchanged)
src/components/data-table/index.tsx[2K[1G[90msrc/components/data-table/index.tsx[39m 5ms (unchanged)
src/components/data-table/table.tsx[2K[1G[90msrc/components/data-table/table.tsx[39m 17ms (unchanged)
src/components/data-table/type.d.ts[2K[1G[90msrc/components/data-table/type.d.ts[39m 2ms (unchanged)
src/components/icons.tsx[2K[1G[90msrc/components/icons.tsx[39m 3ms (unchanged)
src/components/music-player/music-player-song-infos.tsx[2K[1G[90msrc/components/music-player/music-player-song-infos.tsx[39m 4ms (unchanged)
src/components/music-player/music-player.tsx[2K[1G[90msrc/components/music-player/music-player.tsx[39m 4ms (unchanged)
src/components/music-player/volume-slider.tsx[2K[1G[90msrc/components/music-player/volume-slider.tsx[39m 4ms (unchanged)
src/components/nav-user.tsx[2K[1G[90msrc/components/nav-user.tsx[39m 2ms (unchanged)
src/components/recent-song-link-info.tsx[2K[1G[90msrc/components/recent-song-link-info.tsx[39m 3ms (unchanged)
src/components/recent-song.tsx[2K[1G[90msrc/components/recent-song.tsx[39m 9ms (unchanged)
src/components/recent-songs-filters.tsx[2K[1G[90msrc/components/recent-songs-filters.tsx[39m 9ms (unchanged)
src/components/recent-songs-list.tsx[2K[1G[90msrc/components/recent-songs-list.tsx[39m 5ms (unchanged)
src/components/search-input.tsx[2K[1G[90msrc/components/search-input.tsx[39m 2ms (unchanged)
src/components/theme-provider.tsx[2K[1G[90msrc/components/theme-provider.tsx[39m 1ms (unchanged)
src/components/theme-toggle.tsx[2K[1G[90msrc/components/theme-toggle.tsx[39m 2ms (unchanged)
src/components/ui/avatar.tsx[2K[1G[90msrc/components/ui/avatar.tsx[39m 6ms (unchanged)
src/components/ui/badge.tsx[2K[1G[90msrc/components/ui/badge.tsx[39m 3ms (unchanged)
src/components/ui/breadcrumb.tsx[2K[1G[90msrc/components/ui/breadcrumb.tsx[39m 8ms (unchanged)
src/components/ui/button.tsx[2K[1G[90msrc/components/ui/button.tsx[39m 5ms (unchanged)
src/components/ui/card.tsx[2K[1G[90msrc/components/ui/card.tsx[39m 6ms (unchanged)
src/components/ui/collapsible.tsx[2K[1G[90msrc/components/ui/collapsible.tsx[39m 1ms (unchanged)
src/components/ui/command.tsx[2K[1G[90msrc/components/ui/command.tsx[39m 10ms (unchanged)
src/components/ui/credenza.tsx[2K[1G[90msrc/components/ui/credenza.tsx[39m 11ms (unchanged)
src/components/ui/dialog.tsx[2K[1G[90msrc/components/ui/dialog.tsx[39m 8ms (unchanged)
src/components/ui/drawer.tsx[2K[1G[90msrc/components/ui/drawer.tsx[39m 14ms (unchanged)
src/components/ui/dropdown-menu.tsx[2K[1G[90msrc/components/ui/dropdown-menu.tsx[39m 16ms (unchanged)
src/components/ui/form.tsx[2K[1G[90msrc/components/ui/form.tsx[39m 12ms (unchanged)
src/components/ui/hover-card.tsx[2K[1G[90msrc/components/ui/hover-card.tsx[39m 3ms (unchanged)
src/components/ui/input.tsx[2K[1G[90msrc/components/ui/input.tsx[39m 2ms (unchanged)
src/components/ui/label.tsx[2K[1G[90msrc/components/ui/label.tsx[39m 2ms (unchanged)
src/components/ui/marquee.tsx[2K[1G[90msrc/components/ui/marquee.tsx[39m 3ms (unchanged)
src/components/ui/multi-select.tsx[2K[1G[90msrc/components/ui/multi-select.tsx[39m 5ms (unchanged)
src/components/ui/popover.tsx[2K[1G[90msrc/components/ui/popover.tsx[39m 2ms (unchanged)
src/components/ui/radio-group.tsx[2K[1G[90msrc/components/ui/radio-group.tsx[39m 2ms (unchanged)
src/components/ui/scroll-area.tsx[2K[1G[90msrc/components/ui/scroll-area.tsx[39m 3ms (unchanged)
src/components/ui/select.tsx[2K[1G[90msrc/components/ui/select.tsx[39m 6ms (unchanged)
src/components/ui/separator.tsx[2K[1G[90msrc/components/ui/separator.tsx[39m 2ms (unchanged)
src/components/ui/sheet.tsx[2K[1G[90msrc/components/ui/sheet.tsx[39m 5ms (unchanged)
src/components/ui/sidebar.tsx[2K[1G[90msrc/components/ui/sidebar.tsx[39m 25ms (unchanged)
src/components/ui/skeleton.tsx[2K[1G[90msrc/components/ui/skeleton.tsx[39m 1ms (unchanged)
src/components/ui/slider.tsx[2K[1G[90msrc/components/ui/slider.tsx[39m 2ms (unchanged)
src/components/ui/table.tsx[2K[1G[90msrc/components/ui/table.tsx[39m 4ms (unchanged)
src/components/ui/toast.tsx[2K[1G[90msrc/components/ui/toast.tsx[39m 5ms (unchanged)
src/components/ui/toaster.tsx[2K[1G[90msrc/components/ui/toaster.tsx[39m 2ms (unchanged)
src/components/ui/tooltip.tsx[2K[1G[90msrc/components/ui/tooltip.tsx[39m 2ms (unchanged)
src/components/ui/use-toast.ts[2K[1G[90msrc/components/ui/use-toast.ts[39m 8ms (unchanged)
src/components/ui/wobble-card.tsx[2K[1G[90msrc/components/ui/wobble-card.tsx[39m 3ms (unchanged)
src/components/wavesurfer.tsx[2K[1G[90msrc/components/wavesurfer.tsx[39m 2ms (unchanged)
src/features/player/actions.ts[2K[1G[90msrc/features/player/actions.ts[39m 15ms (unchanged)
src/features/player/components/now-playing.tsx[2K[1G[90msrc/features/player/components/now-playing.tsx[39m 10ms (unchanged)
src/features/player/components/playback/playback-context.tsx[2K[1G[1A[2K[1G[90msrc/features/player/components/playback/playback-context.tsx[39m 10ms (unchanged)
src/features/player/components/playback/playback-controls.tsx[2K[1G[1A[2K[1G[90msrc/features/player/components/playback/playback-controls.tsx[39m 12ms (unchanged)
src/features/player/components/playlists/optimistic-playlists.tsx[2K[1G[1A[2K[1G[90msrc/features/player/components/playlists/optimistic-playlists.tsx[39m 8ms (unchanged)
src/features/player/components/search.tsx[2K[1G[90msrc/features/player/components/search.tsx[39m 2ms (unchanged)
src/features/player/components/select-type.tsx[2K[1G[90msrc/features/player/components/select-type.tsx[39m 2ms (unchanged)
src/features/player/components/tracks/cover-image.tsx[2K[1G[90msrc/features/player/components/tracks/cover-image.tsx[39m 3ms (unchanged)
src/features/player/components/tracks/editable-title.tsx[2K[1G[90msrc/features/player/components/tracks/editable-title.tsx[39m 3ms (unchanged)
src/features/player/components/tracks/track-table.tsx[2K[1G[90msrc/features/player/components/tracks/track-table.tsx[39m 12ms (unchanged)
src/features/player/hooks/use-keyboard-navigation.ts[2K[1G[90msrc/features/player/hooks/use-keyboard-navigation.ts[39m 3ms (unchanged)
src/features/player/hooks/use-playlist.tsx[2K[1G[90msrc/features/player/hooks/use-playlist.tsx[39m 5ms (unchanged)
src/features/player/queries.ts[2K[1G[90msrc/features/player/queries.ts[39m 7ms (unchanged)
src/features/player/types.d.ts[2K[1G[90msrc/features/player/types.d.ts[39m 1ms (unchanged)
src/hooks/use-media-query.tsx[2K[1G[90msrc/hooks/use-media-query.tsx[39m 1ms (unchanged)
src/hooks/use-mobile.tsx[2K[1G[90msrc/hooks/use-mobile.tsx[39m 2ms (unchanged)
src/hooks/use-mounted.ts[2K[1G[90msrc/hooks/use-mounted.ts[39m 1ms (unchanged)
src/hooks/use-wavesurfer.ts[2K[1G[90msrc/hooks/use-wavesurfer.ts[39m 5ms (unchanged)
src/lib/cloudinary.ts[2K[1G[90msrc/lib/cloudinary.ts[39m 1ms (unchanged)
src/lib/constant.ts[2K[1G[90msrc/lib/constant.ts[39m 1ms (unchanged)
src/lib/fetch-data.ts[2K[1G[90msrc/lib/fetch-data.ts[39m 3ms (unchanged)
src/lib/fonts.ts[2K[1G[90msrc/lib/fonts.ts[39m 1ms (unchanged)
src/lib/prisma.ts[2K[1G[90msrc/lib/prisma.ts[39m 2ms (unchanged)
src/lib/spreadsheets.ts[2K[1G[90msrc/lib/spreadsheets.ts[39m 3ms (unchanged)
src/lib/store.ts[2K[1G[90msrc/lib/store.ts[39m 4ms (unchanged)
src/lib/utils.tsx[2K[1G[90msrc/lib/utils.tsx[39m 6ms (unchanged)
src/types/recent-tracks.ts[2K[1G[90msrc/types/recent-tracks.ts[39m 1ms (unchanged)
tailwind.config.ts[2K[1G[90mtailwind.config.ts[39m 4ms (unchanged)
[1G[0K⠙[1G[0K
